[1.585s] Invoking command in '/home/monica/ros2_brazo/src': PYTHONPATH=/home/monica/ros2_brazo/build/src/prefix_override:/usr/lib/python3/dist-packages/colcon_core/task/python/colcon_distutils_commands:/home/monica/ros2_brazo/install/src/lib/python3.10/site-packages:${PYTHONPATH} /usr/bin/python3 -W ignore:setup.py install is deprecated setup.py egg_info --egg-base ../build/src build --build-base /home/monica/ros2_brazo/build/src/build install --record /home/monica/ros2_brazo/build/src/install.log --single-version-externally-managed install_data
[2.185s] running egg_info
[2.186s] creating ../build/src/src.egg-info
[2.187s] writing ../build/src/src.egg-info/PKG-INFO
[2.188s] writing dependency_links to ../build/src/src.egg-info/dependency_links.txt
[2.188s] writing entry points to ../build/src/src.egg-info/entry_points.txt
[2.188s] writing requirements to ../build/src/src.egg-info/requires.txt
[2.188s] writing top-level names to ../build/src/src.egg-info/top_level.txt
[2.188s] writing manifest file '../build/src/src.egg-info/SOURCES.txt'
[2.192s] reading manifest file '../build/src/src.egg-info/SOURCES.txt'
[2.193s] writing manifest file '../build/src/src.egg-info/SOURCES.txt'
[2.193s] running build
[2.195s] running build_py
[2.195s] creating /home/monica/ros2_brazo/build/src/build
[2.195s] creating /home/monica/ros2_brazo/build/src/build/lib
[2.196s] creating /home/monica/ros2_brazo/build/src/build/lib/src
[2.196s] copying src/__init__.py -> /home/monica/ros2_brazo/build/src/build/lib/src
[2.196s] running install
[2.198s] running install_lib
[2.199s] creating /home/monica/ros2_brazo/install/src/lib/python3.10/site-packages/src
[2.200s] copying /home/monica/ros2_brazo/build/src/build/lib/src/__init__.py -> /home/monica/ros2_brazo/install/src/lib/python3.10/site-packages/src
[2.200s] byte-compiling /home/monica/ros2_brazo/install/src/lib/python3.10/site-packages/src/__init__.py to __init__.cpython-310.pyc
[2.200s] running install_data
[2.200s] creating /home/monica/ros2_brazo/install/src/share/ament_index
[2.200s] creating /home/monica/ros2_brazo/install/src/share/ament_index/resource_index
[2.200s] creating /home/monica/ros2_brazo/install/src/share/ament_index/resource_index/packages
[2.201s] copying resource/src -> /home/monica/ros2_brazo/install/src/share/ament_index/resource_index/packages
[2.201s] copying package.xml -> /home/monica/ros2_brazo/install/src/share/src
[2.201s] running install_egg_info
[2.204s] Copying ../build/src/src.egg-info to /home/monica/ros2_brazo/install/src/lib/python3.10/site-packages/src-0.0.0-py3.10.egg-info
[2.204s] running install_scripts
[2.248s] writing list of installed files to '/home/monica/ros2_brazo/build/src/install.log'
[2.304s] Invoked command in '/home/monica/ros2_brazo/src' returned '0': PYTHONPATH=/home/monica/ros2_brazo/build/src/prefix_override:/usr/lib/python3/dist-packages/colcon_core/task/python/colcon_distutils_commands:/home/monica/ros2_brazo/install/src/lib/python3.10/site-packages:${PYTHONPATH} /usr/bin/python3 -W ignore:setup.py install is deprecated setup.py egg_info --egg-base ../build/src build --build-base /home/monica/ros2_brazo/build/src/build install --record /home/monica/ros2_brazo/build/src/install.log --single-version-externally-managed install_data
