[0.930s] DEBUG:colcon:Command line arguments: ['/usr/bin/colcon', 'build']
[0.930s] DEBUG:colcon:Parsed command line arguments: Namespace(log_base=None, log_level=None, verb_name='build', build_base='build', install_base='install', merge_install=False, symlink_install=False, test_result_base=None, continue_on_error=False, executor='parallel', parallel_workers=2, event_handlers=None, ignore_user_meta=False, metas=['./colcon.meta'], base_paths=['.'], packages_ignore=None, packages_ignore_regex=None, paths=None, packages_up_to=None, packages_up_to_regex=None, packages_above=None, packages_above_and_dependencies=None, packages_above_depth=None, packages_select_by_dep=None, packages_skip_by_dep=None, packages_skip_up_to=None, packages_select_build_failed=False, packages_skip_build_finished=False, packages_select_test_failures=False, packages_skip_test_passed=False, packages_select=None, packages_skip=None, packages_select_regex=None, packages_skip_regex=None, packages_start=None, packages_end=None, allow_overriding=[], cmake_args=None, cmake_target=None, cmake_target_skip_unavailable=False, cmake_clean_cache=False, cmake_clean_first=False, cmake_force_configure=False, ament_cmake_args=None, catkin_cmake_args=None, catkin_skip_building_tests=False, mixin_files=None, mixin=None, verb_parser=<colcon_mixin.mixin.mixin_argument.MixinArgumentDecorator object at 0x7f1936652bf0>, verb_extension=<colcon_core.verb.build.BuildVerb object at 0x7f1936651f90>, main=<bound method BuildVerb.main of <colcon_core.verb.build.BuildVerb object at 0x7f1936651f90>>, mixin_verb=('build',))
[1.625s] Level 1:colcon.colcon_core.package_discovery:discover_packages(colcon_meta) check parameters
[1.626s] Level 1:colcon.colcon_core.package_discovery:discover_packages(recursive) check parameters
[1.626s] Level 1:colcon.colcon_core.package_discovery:discover_packages(ignore) check parameters
[1.626s] Level 1:colcon.colcon_core.package_discovery:discover_packages(path) check parameters
[1.626s] Level 1:colcon.colcon_core.package_discovery:discover_packages(colcon_meta) discover
[1.626s] Level 1:colcon.colcon_core.package_discovery:discover_packages(recursive) discover
[1.626s] INFO:colcon.colcon_core.package_discovery:Crawling recursively for packages in '/home/monica/ros2_brazo'
[1.626s] Level 1:colcon.colcon_core.package_identification:_identify(.) by extensions ['ignore', 'ignore_ament_install']
[1.626s] Level 1:colcon.colcon_core.package_identification:_identify(.) by extension 'ignore'
[1.627s] Level 1:colcon.colcon_core.package_identification:_identify(.) by extension 'ignore_ament_install'
[1.627s] Level 1:colcon.colcon_core.package_identification:_identify(.) by extensions ['colcon_pkg']
[1.627s] Level 1:colcon.colcon_core.package_identification:_identify(.) by extension 'colcon_pkg'
[1.627s] Level 1:colcon.colcon_core.package_identification:_identify(.) by extensions ['colcon_meta']
[1.627s] Level 1:colcon.colcon_core.package_identification:_identify(.) by extension 'colcon_meta'
[1.627s] Level 1:colcon.colcon_core.package_identification:_identify(.) by extensions ['ros']
[1.627s] Level 1:colcon.colcon_core.package_identification:_identify(.) by extension 'ros'
[1.652s] Level 1:colcon.colcon_core.package_identification:_identify(.) by extensions ['cmake', 'python']
[1.652s] Level 1:colcon.colcon_core.package_identification:_identify(.) by extension 'cmake'
[1.652s] Level 1:colcon.colcon_core.package_identification:_identify(.) by extension 'python'
[1.652s] Level 1:colcon.colcon_core.package_identification:_identify(.) by extensions ['python_setup_py']
[1.652s] Level 1:colcon.colcon_core.package_identification:_identify(.) by extension 'python_setup_py'
[1.653s] Level 1:colcon.colcon_core.package_identification:_identify(build) by extensions ['ignore', 'ignore_ament_install']
[1.653s] Level 1:colcon.colcon_core.package_identification:_identify(build) by extension 'ignore'
[1.653s] Level 1:colcon.colcon_core.package_identification:_identify(build) ignored
[1.653s] Level 1:colcon.colcon_core.package_identification:_identify(install) by extensions ['ignore', 'ignore_ament_install']
[1.654s] Level 1:colcon.colcon_core.package_identification:_identify(install) by extension 'ignore'
[1.654s] Level 1:colcon.colcon_core.package_identification:_identify(install) ignored
[1.654s] Level 1:colcon.colcon_core.package_identification:_identify(log) by extensions ['ignore', 'ignore_ament_install']
[1.654s] Level 1:colcon.colcon_core.package_identification:_identify(log) by extension 'ignore'
[1.654s] Level 1:colcon.colcon_core.package_identification:_identify(log) ignored
[1.654s] Level 1:colcon.colcon_core.package_identification:_identify(src) by extensions ['ignore', 'ignore_ament_install']
[1.655s] Level 1:colcon.colcon_core.package_identification:_identify(src) by extension 'ignore'
[1.655s] Level 1:colcon.colcon_core.package_identification:_identify(src) by extension 'ignore_ament_install'
[1.655s] Level 1:colcon.colcon_core.package_identification:_identify(src) by extensions ['colcon_pkg']
[1.655s] Level 1:colcon.colcon_core.package_identification:_identify(src) by extension 'colcon_pkg'
[1.655s] Level 1:colcon.colcon_core.package_identification:_identify(src) by extensions ['colcon_meta']
[1.655s] Level 1:colcon.colcon_core.package_identification:_identify(src) by extension 'colcon_meta'
[1.655s] Level 1:colcon.colcon_core.package_identification:_identify(src) by extensions ['ros']
[1.655s] Level 1:colcon.colcon_core.package_identification:_identify(src) by extension 'ros'
[1.660s] DEBUG:colcon.colcon_core.package_identification:Package 'src' with type 'ros.ament_python' and name 'src'
[1.660s] Level 1:colcon.colcon_core.package_discovery:discover_packages(recursive) using defaults
[1.660s] Level 1:colcon.colcon_core.package_discovery:discover_packages(ignore) discover
[1.660s] Level 1:colcon.colcon_core.package_discovery:discover_packages(ignore) using defaults
[1.661s] Level 1:colcon.colcon_core.package_discovery:discover_packages(path) discover
[1.661s] Level 1:colcon.colcon_core.package_discovery:discover_packages(path) using defaults
[1.741s] Level 1:colcon.colcon_core.package_discovery:discover_packages(prefix_path) check parameters
[1.741s] Level 1:colcon.colcon_core.package_discovery:discover_packages(prefix_path) discover
[1.744s] DEBUG:colcon.colcon_installed_package_information.package_discovery:Found 2 installed packages in /home/monica/ros2_iron/install
[1.749s] DEBUG:colcon.colcon_installed_package_information.package_discovery:Found 304 installed packages in /opt/ros/iron
[1.754s] Level 1:colcon.colcon_core.package_discovery:discover_packages(prefix_path) using defaults
[1.869s] Level 5:colcon.colcon_core.verb:set package 'src' build argument 'cmake_args' from command line to 'None'
[1.869s] Level 5:colcon.colcon_core.verb:set package 'src' build argument 'cmake_target' from command line to 'None'
[1.869s] Level 5:colcon.colcon_core.verb:set package 'src' build argument 'cmake_target_skip_unavailable' from command line to 'False'
[1.869s] Level 5:colcon.colcon_core.verb:set package 'src' build argument 'cmake_clean_cache' from command line to 'False'
[1.869s] Level 5:colcon.colcon_core.verb:set package 'src' build argument 'cmake_clean_first' from command line to 'False'
[1.869s] Level 5:colcon.colcon_core.verb:set package 'src' build argument 'cmake_force_configure' from command line to 'False'
[1.869s] Level 5:colcon.colcon_core.verb:set package 'src' build argument 'ament_cmake_args' from command line to 'None'
[1.869s] Level 5:colcon.colcon_core.verb:set package 'src' build argument 'catkin_cmake_args' from command line to 'None'
[1.869s] Level 5:colcon.colcon_core.verb:set package 'src' build argument 'catkin_skip_building_tests' from command line to 'False'
[1.870s] DEBUG:colcon.colcon_core.verb:Building package 'src' with the following arguments: {'ament_cmake_args': None, 'build_base': '/home/monica/ros2_brazo/build/src', 'catkin_cmake_args': None, 'catkin_skip_building_tests': False, 'cmake_args': None, 'cmake_clean_cache': False, 'cmake_clean_first': False, 'cmake_force_configure': False, 'cmake_target': None, 'cmake_target_skip_unavailable': False, 'install_base': '/home/monica/ros2_brazo/install/src', 'merge_install': False, 'path': '/home/monica/ros2_brazo/src', 'symlink_install': False, 'test_result_base': None}
[1.870s] INFO:colcon.colcon_core.executor:Executing jobs using 'parallel' executor
[1.872s] DEBUG:colcon.colcon_parallel_executor.executor.parallel:run_until_complete
[1.873s] INFO:colcon.colcon_ros.task.ament_python.build:Building ROS package in '/home/monica/ros2_brazo/src' with build type 'ament_python'
[1.873s] Level 1:colcon.colcon_core.shell:create_environment_hook('src', 'ament_prefix_path')
[1.877s] INFO:colcon.colcon_core.plugin_system:Skipping extension 'colcon_core.shell.bat': Not used on non-Windows systems
[1.878s] INFO:colcon.colcon_core.shell:Creating environment hook '/home/monica/ros2_brazo/install/src/share/src/hook/ament_prefix_path.ps1'
[1.880s] INFO:colcon.colcon_core.shell:Creating environment descriptor '/home/monica/ros2_brazo/install/src/share/src/hook/ament_prefix_path.dsv'
[1.882s] INFO:colcon.colcon_core.shell:Creating environment hook '/home/monica/ros2_brazo/install/src/share/src/hook/ament_prefix_path.sh'
[1.884s] INFO:colcon.colcon_core.shell:Skip shell extension 'powershell' for command environment: Not usable outside of PowerShell
[1.884s] DEBUG:colcon.colcon_core.shell:Skip shell extension 'dsv' for command environment
[2.559s] INFO:colcon.colcon_core.task.python.build:Building Python package in '/home/monica/ros2_brazo/src'
[2.560s] INFO:colcon.colcon_core.shell:Skip shell extension 'powershell' for command environment: Not usable outside of PowerShell
[2.560s] DEBUG:colcon.colcon_core.shell:Skip shell extension 'dsv' for command environment
[3.458s] DEBUG:colcon.colcon_core.event_handler.log_command:Invoking command in '/home/monica/ros2_brazo/src': PYTHONPATH=/home/monica/ros2_brazo/build/src/prefix_override:/usr/lib/python3/dist-packages/colcon_core/task/python/colcon_distutils_commands:/home/monica/ros2_brazo/install/src/lib/python3.10/site-packages:${PYTHONPATH} /usr/bin/python3 -W ignore:setup.py install is deprecated setup.py egg_info --egg-base ../build/src build --build-base /home/monica/ros2_brazo/build/src/build install --record /home/monica/ros2_brazo/build/src/install.log --single-version-externally-managed install_data
[4.177s] DEBUG:colcon.colcon_core.event_handler.log_command:Invoked command in '/home/monica/ros2_brazo/src' returned '0': PYTHONPATH=/home/monica/ros2_brazo/build/src/prefix_override:/usr/lib/python3/dist-packages/colcon_core/task/python/colcon_distutils_commands:/home/monica/ros2_brazo/install/src/lib/python3.10/site-packages:${PYTHONPATH} /usr/bin/python3 -W ignore:setup.py install is deprecated setup.py egg_info --egg-base ../build/src build --build-base /home/monica/ros2_brazo/build/src/build install --record /home/monica/ros2_brazo/build/src/install.log --single-version-externally-managed install_data
[4.181s] Level 1:colcon.colcon_core.environment:checking '/home/monica/ros2_brazo/install/src' for CMake module files
[4.182s] Level 1:colcon.colcon_core.environment:checking '/home/monica/ros2_brazo/install/src' for CMake config files
[4.184s] Level 1:colcon.colcon_core.environment:checking '/home/monica/ros2_brazo/install/src/lib'
[4.184s] Level 1:colcon.colcon_core.environment:checking '/home/monica/ros2_brazo/install/src/bin'
[4.184s] Level 1:colcon.colcon_core.environment:checking '/home/monica/ros2_brazo/install/src/lib/pkgconfig/src.pc'
[4.185s] Level 1:colcon.colcon_core.environment:checking '/home/monica/ros2_brazo/install/src/lib/python3.10/site-packages'
[4.185s] Level 1:colcon.colcon_core.shell:create_environment_hook('src', 'pythonpath')
[4.186s] INFO:colcon.colcon_core.shell:Creating environment hook '/home/monica/ros2_brazo/install/src/share/src/hook/pythonpath.ps1'
[4.186s] INFO:colcon.colcon_core.shell:Creating environment descriptor '/home/monica/ros2_brazo/install/src/share/src/hook/pythonpath.dsv'
[4.187s] INFO:colcon.colcon_core.shell:Creating environment hook '/home/monica/ros2_brazo/install/src/share/src/hook/pythonpath.sh'
[4.188s] Level 1:colcon.colcon_core.environment:checking '/home/monica/ros2_brazo/install/src/bin'
[4.188s] Level 1:colcon.colcon_core.environment:create_environment_scripts_only(src)
[4.189s] INFO:colcon.colcon_core.shell:Creating package script '/home/monica/ros2_brazo/install/src/share/src/package.ps1'
[4.191s] INFO:colcon.colcon_core.shell:Creating package descriptor '/home/monica/ros2_brazo/install/src/share/src/package.dsv'
[4.192s] INFO:colcon.colcon_core.shell:Creating package script '/home/monica/ros2_brazo/install/src/share/src/package.sh'
[4.193s] INFO:colcon.colcon_core.shell:Creating package script '/home/monica/ros2_brazo/install/src/share/src/package.bash'
[4.194s] INFO:colcon.colcon_core.shell:Creating package script '/home/monica/ros2_brazo/install/src/share/src/package.zsh'
[4.196s] Level 1:colcon.colcon_core.environment:create_file_with_runtime_dependencies(/home/monica/ros2_brazo/install/src/share/colcon-core/packages/src)
[4.197s] DEBUG:colcon.colcon_parallel_executor.executor.parallel:closing loop
[4.197s] DEBUG:colcon.colcon_parallel_executor.executor.parallel:loop closed
[4.197s] DEBUG:colcon.colcon_parallel_executor.executor.parallel:run_until_complete finished with '0'
[4.197s] DEBUG:colcon.colcon_core.event_reactor:joining thread
[4.209s] INFO:colcon.colcon_core.plugin_system:Skipping extension 'colcon_notification.desktop_notification.terminal_notifier': Not used on non-Darwin systems
[4.209s] INFO:colcon.colcon_core.plugin_system:Skipping extension 'colcon_notification.desktop_notification.win32': Not used on non-Windows systems
[4.209s] INFO:colcon.colcon_notification.desktop_notification:Sending desktop notification using 'notify2'
[4.238s] DEBUG:colcon.colcon_core.event_reactor:joined thread
[4.239s] INFO:colcon.colcon_core.shell:Creating prefix script '/home/monica/ros2_brazo/install/local_setup.ps1'
[4.241s] INFO:colcon.colcon_core.shell:Creating prefix util module '/home/monica/ros2_brazo/install/_local_setup_util_ps1.py'
[4.245s] INFO:colcon.colcon_core.shell:Creating prefix chain script '/home/monica/ros2_brazo/install/setup.ps1'
[4.250s] INFO:colcon.colcon_core.shell:Creating prefix script '/home/monica/ros2_brazo/install/local_setup.sh'
[4.253s] INFO:colcon.colcon_core.shell:Creating prefix util module '/home/monica/ros2_brazo/install/_local_setup_util_sh.py'
[4.254s] INFO:colcon.colcon_core.shell:Creating prefix chain script '/home/monica/ros2_brazo/install/setup.sh'
[4.258s] INFO:colcon.colcon_core.shell:Creating prefix script '/home/monica/ros2_brazo/install/local_setup.bash'
[4.259s] INFO:colcon.colcon_core.shell:Creating prefix chain script '/home/monica/ros2_brazo/install/setup.bash'
[4.261s] INFO:colcon.colcon_core.shell:Creating prefix script '/home/monica/ros2_brazo/install/local_setup.zsh'
[4.262s] INFO:colcon.colcon_core.shell:Creating prefix chain script '/home/monica/ros2_brazo/install/setup.zsh'
