[1.604s] Invoking command in '/home/monica/ros2_brazo/src/nodos': PYTHONPATH=/home/monica/ros2_brazo/build/nodos/prefix_override:/usr/lib/python3/dist-packages/colcon_core/task/python/colcon_distutils_commands:/home/monica/ros2_brazo/install/nodos/lib/python3.10/site-packages:${PYTHONPATH} /usr/bin/python3 -W ignore:setup.py install is deprecated setup.py egg_info --egg-base ../../build/nodos build --build-base /home/monica/ros2_brazo/build/nodos/build install --record /home/monica/ros2_brazo/build/nodos/install.log --single-version-externally-managed install_data
[2.205s] running egg_info
[2.206s] creating ../../build/nodos/nodos.egg-info
[2.208s] writing ../../build/nodos/nodos.egg-info/PKG-INFO
[2.208s] writing dependency_links to ../../build/nodos/nodos.egg-info/dependency_links.txt
[2.208s] writing entry points to ../../build/nodos/nodos.egg-info/entry_points.txt
[2.208s] writing requirements to ../../build/nodos/nodos.egg-info/requires.txt
[2.208s] writing top-level names to ../../build/nodos/nodos.egg-info/top_level.txt
[2.208s] writing manifest file '../../build/nodos/nodos.egg-info/SOURCES.txt'
[2.212s] reading manifest file '../../build/nodos/nodos.egg-info/SOURCES.txt'
[2.213s] writing manifest file '../../build/nodos/nodos.egg-info/SOURCES.txt'
[2.213s] running build
[2.214s] running build_py
[2.215s] creating /home/monica/ros2_brazo/build/nodos/build
[2.215s] creating /home/monica/ros2_brazo/build/nodos/build/lib
[2.216s] creating /home/monica/ros2_brazo/build/nodos/build/lib/nodos
[2.217s] copying nodos/__init__.py -> /home/monica/ros2_brazo/build/nodos/build/lib/nodos
[2.218s] copying nodos/nodo_nociceptor.py -> /home/monica/ros2_brazo/build/nodos/build/lib/nodos
[2.218s] copying nodos/nodo_cerebelo.py -> /home/monica/ros2_brazo/build/nodos/build/lib/nodos
[2.218s] running install
[2.219s] running install_lib
[2.219s] creating /home/monica/ros2_brazo/install/nodos/lib/python3.10/site-packages/nodos
[2.221s] copying /home/monica/ros2_brazo/build/nodos/build/lib/nodos/__init__.py -> /home/monica/ros2_brazo/install/nodos/lib/python3.10/site-packages/nodos
[2.221s] copying /home/monica/ros2_brazo/build/nodos/build/lib/nodos/nodo_nociceptor.py -> /home/monica/ros2_brazo/install/nodos/lib/python3.10/site-packages/nodos
[2.222s] copying /home/monica/ros2_brazo/build/nodos/build/lib/nodos/nodo_cerebelo.py -> /home/monica/ros2_brazo/install/nodos/lib/python3.10/site-packages/nodos
[2.222s] byte-compiling /home/monica/ros2_brazo/install/nodos/lib/python3.10/site-packages/nodos/__init__.py to __init__.cpython-310.pyc
[2.222s] byte-compiling /home/monica/ros2_brazo/install/nodos/lib/python3.10/site-packages/nodos/nodo_nociceptor.py to nodo_nociceptor.cpython-310.pyc
[2.223s] byte-compiling /home/monica/ros2_brazo/install/nodos/lib/python3.10/site-packages/nodos/nodo_cerebelo.py to nodo_cerebelo.cpython-310.pyc
[2.223s] running install_data
[2.223s] creating /home/monica/ros2_brazo/install/nodos/share/ament_index
[2.225s] creating /home/monica/ros2_brazo/install/nodos/share/ament_index/resource_index
[2.226s] creating /home/monica/ros2_brazo/install/nodos/share/ament_index/resource_index/packages
[2.226s] copying resource/nodos -> /home/monica/ros2_brazo/install/nodos/share/ament_index/resource_index/packages
[2.226s] copying package.xml -> /home/monica/ros2_brazo/install/nodos/share/nodos
[2.226s] running install_egg_info
[2.226s] Copying ../../build/nodos/nodos.egg-info to /home/monica/ros2_brazo/install/nodos/lib/python3.10/site-packages/nodos-0.0.0-py3.10.egg-info
[2.229s] running install_scripts
[2.273s] writing list of installed files to '/home/monica/ros2_brazo/build/nodos/install.log'
[2.331s] Invoked command in '/home/monica/ros2_brazo/src/nodos' returned '0': PYTHONPATH=/home/monica/ros2_brazo/build/nodos/prefix_override:/usr/lib/python3/dist-packages/colcon_core/task/python/colcon_distutils_commands:/home/monica/ros2_brazo/install/nodos/lib/python3.10/site-packages:${PYTHONPATH} /usr/bin/python3 -W ignore:setup.py install is deprecated setup.py egg_info --egg-base ../../build/nodos build --build-base /home/monica/ros2_brazo/build/nodos/build install --record /home/monica/ros2_brazo/build/nodos/install.log --single-version-externally-managed install_data
