[1.460s] Invoking command in '/home/monica/ros2_brazo/src': PYTHONPATH=/home/monica/ros2_brazo/build/src/prefix_override:/usr/lib/python3/dist-packages/colcon_core/task/python/colcon_distutils_commands:/home/monica/ros2_brazo/install/src/lib/python3.10/site-packages:${PYTHONPATH} /usr/bin/python3 -W ignore:setup.py install is deprecated setup.py egg_info --egg-base ../build/src build --build-base /home/monica/ros2_brazo/build/src/build install --record /home/monica/ros2_brazo/build/src/install.log --single-version-externally-managed install_data
[2.052s] running egg_info
[2.053s] writing ../build/src/src.egg-info/PKG-INFO
[2.054s] writing dependency_links to ../build/src/src.egg-info/dependency_links.txt
[2.054s] writing entry points to ../build/src/src.egg-info/entry_points.txt
[2.054s] writing requirements to ../build/src/src.egg-info/requires.txt
[2.054s] writing top-level names to ../build/src/src.egg-info/top_level.txt
[2.058s] reading manifest file '../build/src/src.egg-info/SOURCES.txt'
[2.060s] writing manifest file '../build/src/src.egg-info/SOURCES.txt'
[2.060s] running build
[2.060s] running build_py
[2.060s] running install
[2.061s] running install_lib
[2.063s] running install_data
[2.064s] running install_egg_info
[2.067s] removing '/home/monica/ros2_brazo/install/src/lib/python3.10/site-packages/src-0.0.0-py3.10.egg-info' (and everything under it)
[2.068s] Copying ../build/src/src.egg-info to /home/monica/ros2_brazo/install/src/lib/python3.10/site-packages/src-0.0.0-py3.10.egg-info
[2.070s] running install_scripts
[2.112s] writing list of installed files to '/home/monica/ros2_brazo/build/src/install.log'
[2.171s] Invoked command in '/home/monica/ros2_brazo/src' returned '0': PYTHONPATH=/home/monica/ros2_brazo/build/src/prefix_override:/usr/lib/python3/dist-packages/colcon_core/task/python/colcon_distutils_commands:/home/monica/ros2_brazo/install/src/lib/python3.10/site-packages:${PYTHONPATH} /usr/bin/python3 -W ignore:setup.py install is deprecated setup.py egg_info --egg-base ../build/src build --build-base /home/monica/ros2_brazo/build/src/build install --record /home/monica/ros2_brazo/build/src/install.log --single-version-externally-managed install_data
